<?xml version="1.0" encoding="UTF-8"?>
<!-- Generated by org.testng.reporters.JUnitReportReporter -->
<testsuite name="com.ECM.testcases.Gmail" tests="1" time="4.776" ignored="0" failures="0" timestamp="21 Jul 2020 07:12:22 GMT" skipped="0" hostname="DESKTOP-3N06RKJ" errors="0">
  <testcase name="getLogIn" time="4.776" classname="com.ECM.testcases.Gmail"/>
</testsuite> <!-- com.ECM.testcases.Gmail -->
